<?xml version="1.0" encoding="UTF-8"?>
<!-- Generated by org.testng.reporters.JUnitXMLReporter -->
<testsuite ignored="4" hostname="ASV" failures="0" tests="14" name="RegressionTests" time="92.18" errors="0" timestamp="2026-09-16T00:38:38 IST">
  <testcase classname="com.orange.tests.LoginTest" name="verifyLoginPage" time="0.315"/>
  <testcase classname="com.orange.tests.DashboardTest" name="verifyDashboardScrollable" time="0.145"/>
  <testcase classname="com.orange.tests.LoginTest" name="verifyLoginSuccess" time="2.913"/>
  <testcase classname="com.orange.tests.DashboardTest" name="verifyTimeClickable" time="1.903"/>
  <testcase classname="com.orange.tests.TimeTest" name="verifyAllElementsPresent" time="0.637"/>
  <testcase classname="com.orange.tests.RecruitmentTest" name="verifyRecruitementPageLoaded" time="0.66"/>
  <testcase classname="com.orange.tests.TimeTest" name="verifyMyRecords" time="5.277"/>
  <testcase classname="com.orange.tests.AddCandidateTest" name="verifyAddCandidate" time="3.52"/>
  <testcase classname="com.orange.tests.TimeTest" name="verifyTimePageLoaded" time="0.697"/>
  <testcase classname="com.orange.tests.AddCandidateTest" name="verifyAddCandidate" time="2.178"/>
  <testcase classname="com.orange.tests.AddCandidateTest" name="verifyAddCandidate" time="1.351"/>
  <testcase classname="com.orange.tests.AddCandidateTest" name="verifyAddCandidate" time="1.745"/>
  <testcase classname="com.orange.tests.RecruitmentTest" name="verifySearchCandidate" time="21.619"/>
  <testcase classname="com.orange.tests.AddCandidateTest" name="verifyAddCandidatePage" time="0.572"/>
  <testcase classname="com.orange.base.BaseTest" name="@BeforeSuite setUpConfig" time="0.0">
    <ignored/>
  </testcase> <!-- @BeforeSuite setUpConfig -->
  <testcase classname="com.orange.base.BaseTest" name="@BeforeSuite setUpConfig" time="0.0">
    <ignored/>
  </testcase> <!-- @BeforeSuite setUpConfig -->
  <testcase classname="com.orange.base.BaseTest" name="@BeforeSuite setUpConfig" time="0.0">
    <ignored/>
  </testcase> <!-- @BeforeSuite setUpConfig -->
  <testcase classname="com.orange.base.BaseTest" name="@BeforeSuite setUpConfig" time="0.0">
    <ignored/>
  </testcase> <!-- @BeforeSuite setUpConfig -->
</testsuite> <!-- RegressionTests -->
