<?xml version="1.0" encoding="UTF-8"?>
<!-- Generated by org.testng.reporters.JUnitXMLReporter -->
<testsuite ignored="4" hostname="ASV" failures="1" tests="11" name="RegressionTests" time="55.618" errors="0" timestamp="2026-05-13T00:01:01 IST">
  <testcase classname="com.orange.tests.LoginTest" name="verifyLoginPage" time="0.695"/>
  <testcase classname="com.orange.tests.DashboardTest" name="verifyDashboardScrollable" time="0.077"/>
  <testcase classname="com.orange.tests.LoginTest" name="verifyLoginSuccess" time="2.966"/>
  <testcase classname="com.orange.tests.TimeTest" name="verifyAllElementsPresent" time="0.662"/>
  <testcase classname="com.orange.tests.DashboardTest" name="verifyTimeClickable" time="1.939"/>
  <testcase classname="com.orange.tests.RecruitmentTest" name="verifyRecruitementPageLoaded" time="0.623"/>
  <testcase classname="com.orange.tests.AddCandidateTest" name="verifyAddCandidate" time="0.0">
    <failure type="java.lang.RuntimeException" message="java.io.FileNotFoundException: testdata\candidatesdetails.xlsx (The system cannot find the path specified)">
      <![CDATA[java.lang.RuntimeException: java.io.FileNotFoundException: testdata\candidatesdetails.xlsx (The system cannot find the path specified)
at java.base/java.util.concurrent.Executors$RunnableAdapter.call(Executors.java:572)
at java.base/java.util.concurrent.FutureTask.run(FutureTask.java:317)
at java.base/java.util.concurrent.ThreadPoolExecutor.runWorker(ThreadPoolExecutor.java:1144)
at java.base/java.util.concurrent.ThreadPoolExecutor$Worker.run(ThreadPoolExecutor.java:642)
at java.base/java.lang.Thread.run(Thread.java:1583)
Caused by: java.io.FileNotFoundException: testdata\candidatesdetails.xlsx (The system cannot find the path specified)
at java.base/java.io.FileInputStream.open0(Native Method)
at java.base/java.io.FileInputStream.open(FileInputStream.java:213)
at java.base/java.io.FileInputStream.<init>(FileInputStream.java:152)
at java.base/java.io.FileInputStream.<init>(FileInputStream.java:106)
at com.orange.utils.ExcelUtil.getTestData(ExcelUtil.java:11)
at com.orange.tests.AddCandidateTest.getData(AddCandidateTest.java:37)
... 15 more
... Removed 16 stack frames]]>
    </failure>
  </testcase> <!-- verifyAddCandidate -->
  <testcase classname="com.orange.tests.TimeTest" name="verifyMyRecords" time="2.334"/>
  <testcase classname="com.orange.tests.AddCandidateTest" name="verifyAddCandidatePage" time="0.599"/>
  <testcase classname="com.orange.tests.TimeTest" name="verifyTimePageLoaded" time="0.62"/>
  <testcase classname="com.orange.tests.RecruitmentTest" name="verifySearchCandidate" time="2.58"/>
  <testcase classname="com.orange.base.BaseTest" name="@BeforeSuite setUpConfig" time="0.0">
    <ignored/>
  </testcase> <!-- @BeforeSuite setUpConfig -->
  <testcase classname="com.orange.base.BaseTest" name="@BeforeSuite setUpConfig" time="0.0">
    <ignored/>
  </testcase> <!-- @BeforeSuite setUpConfig -->
  <testcase classname="com.orange.base.BaseTest" name="@BeforeSuite setUpConfig" time="0.0">
    <ignored/>
  </testcase> <!-- @BeforeSuite setUpConfig -->
  <testcase classname="com.orange.base.BaseTest" name="@BeforeSuite setUpConfig" time="0.0">
    <ignored/>
  </testcase> <!-- @BeforeSuite setUpConfig -->
</testsuite> <!-- RegressionTests -->
