<?xml version="1.0" encoding="UTF-8"?>
<testng-results ignored="0" total="2" passed="2" failed="0" skipped="0">
  <reporter-output>
  </reporter-output>
  <suite started-at="2026-05-11T16:19:20 IST" name="Default suite" finished-at="2026-05-11T16:20:02 IST" duration-ms="41550">
    <groups>
    </groups>
    <test started-at="2026-05-11T16:19:20 IST" name="Default test" finished-at="2026-05-11T16:20:02 IST" duration-ms="41550">
      <class name="com.orange.tests.DashboardTest">
        <test-method is-config="true" signature="setUpConfig()[pri:0, instance:com.orange.tests.DashboardTest@61386958]" started-at="2026-05-11T16:19:20 IST" name="setUpConfig" finished-at="2026-05-11T16:19:20 IST" duration-ms="13" status="PASS">
          <reporter-output>
          </reporter-output>
        </test-method> <!-- setUpConfig -->
        <test-method is-config="true" signature="setDriver(org.testng.ITestContext)[pri:0, instance:com.orange.tests.DashboardTest@61386958]" started-at="2026-05-11T16:19:20 IST" name="setDriver" finished-at="2026-05-11T16:19:27 IST" duration-ms="6400" status="PASS">
          <params>
            <param index="0">
              <value>
                <![CDATA[org.testng.TestRunner@1b9776f5]]>
              </value>
            </param>
          </params>
          <reporter-output>
          </reporter-output>
        </test-method> <!-- setDriver -->
        <test-method is-config="true" signature="setUpDashboard()[pri:0, instance:com.orange.tests.DashboardTest@61386958]" started-at="2026-05-11T16:19:27 IST" name="setUpDashboard" finished-at="2026-05-11T16:19:45 IST" duration-ms="18383" status="PASS">
          <reporter-output>
          </reporter-output>
        </test-method> <!-- setUpDashboard -->
        <test-method signature="verifyDashboardScrollable()[pri:0, instance:com.orange.tests.DashboardTest@61386958]" started-at="2026-05-11T16:19:45 IST" name="verifyDashboardScrollable" description="Verify user is able to scroll to bottem in dashboard page" finished-at="2026-05-11T16:19:45 IST" duration-ms="82" status="PASS">
          <reporter-output>
          </reporter-output>
        </test-method> <!-- verifyDashboardScrollable -->
        <test-method is-config="true" signature="quitDriver()[pri:0, instance:com.orange.tests.DashboardTest@61386958]" started-at="2026-05-11T16:19:45 IST" name="quitDriver" finished-at="2026-05-11T16:19:46 IST" duration-ms="639" status="PASS">
          <reporter-output>
          </reporter-output>
        </test-method> <!-- quitDriver -->
        <test-method is-config="true" signature="setDriver(org.testng.ITestContext)[pri:0, instance:com.orange.tests.DashboardTest@61386958]" started-at="2026-05-11T16:19:46 IST" name="setDriver" finished-at="2026-05-11T16:19:55 IST" duration-ms="8693" status="PASS">
          <params>
            <param index="0">
              <value>
                <![CDATA[org.testng.TestRunner@1b9776f5]]>
              </value>
            </param>
          </params>
          <reporter-output>
          </reporter-output>
        </test-method> <!-- setDriver -->
        <test-method is-config="true" signature="setUpDashboard()[pri:0, instance:com.orange.tests.DashboardTest@61386958]" started-at="2026-05-11T16:19:55 IST" name="setUpDashboard" finished-at="2026-05-11T16:20:00 IST" duration-ms="4941" status="PASS">
          <reporter-output>
          </reporter-output>
        </test-method> <!-- setUpDashboard -->
        <test-method signature="verifyTimeClickable()[pri:0, instance:com.orange.tests.DashboardTest@61386958]" started-at="2026-05-11T16:20:00 IST" name="verifyTimeClickable" description="Verify time button is clicking navigating to Timepage" finished-at="2026-05-11T16:20:02 IST" duration-ms="2221" status="PASS">
          <reporter-output>
          </reporter-output>
        </test-method> <!-- verifyTimeClickable -->
        <test-method is-config="true" signature="quitDriver()[pri:0, instance:com.orange.tests.DashboardTest@61386958]" started-at="2026-05-11T16:20:02 IST" name="quitDriver" finished-at="2026-05-11T16:20:02 IST" duration-ms="149" status="PASS">
          <reporter-output>
          </reporter-output>
        </test-method> <!-- quitDriver -->
      </class> <!-- com.orange.tests.DashboardTest -->
    </test> <!-- Default test -->
  </suite> <!-- Default suite -->
</testng-results>
