<?xml version="1.0" encoding="UTF-8"?>
<!-- Generated by org.testng.reporters.JUnitReportReporter -->
<testsuite hostname="ASV" failures="0" tests="3" name="com.orange.tests.TimeTest" time="38.282" errors="0" timestamp="2026-09-16T00:38:38 IST" skipped="0">
  <testcase classname="com.orange.tests.TimeTest" name="verifyTimePageLoaded" time="13.909"/>
  <testcase classname="com.orange.tests.TimeTest" name="verifyAllElementsPresent" time="10.278"/>
  <testcase classname="com.orange.tests.TimeTest" name="verifyMyRecords" time="14.095"/>
</testsuite> <!-- com.orange.tests.TimeTest -->
