<?xml version="1.0" encoding="UTF-8"?>
<!-- Generated by org.testng.reporters.JUnitReportReporter -->
<testsuite hostname="ASV" failures="0" tests="2" name="com.orange.tests.DashboardTest" time="21.874" errors="0" timestamp="2026-09-04T00:19:40 IST" skipped="0">
  <testcase classname="com.orange.tests.DashboardTest" name="verifyTimeClickable" time="9.751"/>
  <testcase classname="com.orange.tests.DashboardTest" name="verifyDashboardScrollable" time="12.123"/>
</testsuite> <!-- com.orange.tests.DashboardTest -->
