<?xml version="1.0" encoding="UTF-8"?>
<!-- Generated by org.testng.reporters.JUnitReportReporter -->
<testsuite hostname="ASV" failures="0" tests="2" name="com.orange.tests.RecruitmentTest" time="17.881" errors="0" timestamp="2026-05-13T00:01:01 IST" skipped="0">
  <testcase classname="com.orange.tests.RecruitmentTest" name="verifySearchCandidate" time="9.707"/>
  <testcase classname="com.orange.tests.RecruitmentTest" name="verifyRecruitementPageLoaded" time="8.174"/>
</testsuite> <!-- com.orange.tests.RecruitmentTest -->
