<?xml version="1.0" encoding="UTF-8"?>
<!-- Generated by org.testng.reporters.JUnitReportReporter -->
<testsuite hostname="ASV" failures="0" tests="3" name="com.orange.tests.TimeTest" time="35.507" errors="0" timestamp="2026-05-13T00:01:01 IST" skipped="0">
  <testcase classname="com.orange.tests.TimeTest" name="verifyAllElementsPresent" time="8.888"/>
  <testcase classname="com.orange.tests.TimeTest" name="verifyMyRecords" time="18.602"/>
  <testcase classname="com.orange.tests.TimeTest" name="verifyTimePageLoaded" time="8.017"/>
</testsuite> <!-- com.orange.tests.TimeTest -->
