<?xml version="1.0" encoding="UTF-8"?>
<!-- Generated by org.testng.reporters.JUnitReportReporter -->
<testsuite hostname="ASV" failures="0" tests="2" name="com.orange.tests.DashboardTest" time="41.508" errors="0" timestamp="2026-05-11T16:20:02 IST" skipped="0">
  <testcase classname="com.orange.tests.DashboardTest" name="verifyDashboardScrollable" time="12.062"/>
  <testcase classname="com.orange.tests.DashboardTest" name="verifyTimeClickable" time="29.446"/>
</testsuite> <!-- com.orange.tests.DashboardTest -->
