<?xml version="1.0" encoding="UTF-8"?>
<!-- Generated by org.testng.reporters.JUnitReportReporter -->
<testsuite hostname="ASV" failures="0" tests="5" name="com.orange.tests.AddCandidateTest" time="63.820" errors="0" timestamp="2026-09-16T00:38:38 IST" skipped="0">
  <testcase classname="com.orange.tests.AddCandidateTest" name="verifyAddCandidate" time="14.843"/>
  <testcase classname="com.orange.tests.AddCandidateTest" name="verifyAddCandidate" time="18.823"/>
  <testcase classname="com.orange.tests.AddCandidateTest" name="verifyAddCandidatePage" time="9.441"/>
  <testcase classname="com.orange.tests.AddCandidateTest" name="verifyAddCandidate" time="10.439"/>
  <testcase classname="com.orange.tests.AddCandidateTest" name="verifyAddCandidate" time="10.274"/>
</testsuite> <!-- com.orange.tests.AddCandidateTest -->
